{"C:\\Users\\aguil\\Documents\\wamp_server\\www\\curso react\\full\\src\\router.ts": {"path":"C:\\Users\\aguil\\Documents\\wamp_server\\www\\curso react\\full\\src\\router.ts","statementMap":{"0":{"start":{"line":1,"column":0},"end":{"line":1,"column":33}},"1":{"start":{"line":2,"column":0},"end":{"line":2,"column":null}},"2":{"start":{"line":10,"column":0},"end":{"line":10,"column":48}},"3":{"start":{"line":11,"column":0},"end":{"line":11,"column":43}},"4":{"start":{"line":13,"column":15},"end":{"line":13,"column":23}},"5":{"start":{"line":15,"column":0},"end":{"line":15,"column":28}},"6":{"start":{"line":16,"column":0},"end":{"line":21,"column":2}},"7":{"start":{"line":23,"column":0},"end":{"line":35,"column":2}},"8":{"start":{"line":31,"column":23},"end":{"line":31,"column":32}},"9":{"start":{"line":37,"column":0},"end":{"line":50,"column":2}},"10":{"start":{"line":45,"column":23},"end":{"line":45,"column":32}},"11":{"start":{"line":52,"column":0},"end":{"line":57,"column":2}},"12":{"start":{"line":58,"column":0},"end":{"line":58,"column":37}},"13":{"start":{"line":60,"column":0},"end":{"line":60,"column":22}}},"fnMap":{"0":{"name":"(anonymous_0)","decl":{"start":{"line":31,"column":12},"end":{"line":31,"column":13}},"loc":{"start":{"line":31,"column":23},"end":{"line":31,"column":32}}},"1":{"name":"(anonymous_1)","decl":{"start":{"line":45,"column":12},"end":{"line":45,"column":13}},"loc":{"start":{"line":45,"column":23},"end":{"line":45,"column":32}}}},"branchMap":{},"s":{"0":2,"1":2,"2":2,"3":2,"4":2,"5":2,"6":2,"7":2,"8":3,"9":2,"10":4,"11":2,"12":2,"13":2},"f":{"0":3,"1":4},"b":{}}
,"C:\\Users\\aguil\\Documents\\wamp_server\\www\\curso react\\full\\src\\server.ts": {"path":"C:\\Users\\aguil\\Documents\\wamp_server\\www\\curso react\\full\\src\\server.ts","statementMap":{"0":{"start":{"line":1,"column":0},"end":{"line":1,"column":30}},"1":{"start":{"line":2,"column":0},"end":{"line":2,"column":30}},"2":{"start":{"line":3,"column":0},"end":{"line":3,"column":29}},"3":{"start":{"line":6,"column":2},"end":{"line":14,"column":3}},"4":{"start":{"line":7,"column":4},"end":{"line":7,"column":28}},"5":{"start":{"line":8,"column":4},"end":{"line":8,"column":null}},"6":{"start":{"line":12,"column":4},"end":{"line":12,"column":23}},"7":{"start":{"line":16,"column":0},"end":{"line":16,"column":null}},"8":{"start":{"line":18,"column":15},"end":{"line":18,"column":24}},"9":{"start":{"line":19,"column":0},"end":{"line":19,"column":null}},"10":{"start":{"line":20,"column":0},"end":{"line":20,"column":35}},"11":{"start":{"line":23,"column":0},"end":{"line":23,"column":22}}},"fnMap":{"0":{"name":"ConnectDB","decl":{"start":{"line":5,"column":15},"end":{"line":5,"column":24}},"loc":{"start":{"line":5,"column":24},"end":{"line":15,"column":1}}}},"branchMap":{},"s":{"0":2,"1":2,"2":2,"3":2,"4":2,"5":2,"6":0,"7":2,"8":2,"9":2,"10":2,"11":2},"f":{"0":2},"b":{}}
,"C:\\Users\\aguil\\Documents\\wamp_server\\www\\curso react\\full\\src\\config\\db.ts": {"path":"C:\\Users\\aguil\\Documents\\wamp_server\\www\\curso react\\full\\src\\config\\db.ts","statementMap":{"0":{"start":{"line":1,"column":0},"end":{"line":1,"column":49}},"1":{"start":{"line":2,"column":0},"end":{"line":2,"column":27}},"2":{"start":{"line":4,"column":0},"end":{"line":4,"column":null}},"3":{"start":{"line":6,"column":11},"end":{"line":9,"column":2}},"4":{"start":{"line":10,"column":0},"end":{"line":10,"column":null}}},"fnMap":{},"branchMap":{},"s":{"0":2,"1":2,"2":2,"3":2,"4":2},"f":{},"b":{}}
,"C:\\Users\\aguil\\Documents\\wamp_server\\www\\curso react\\full\\src\\handlers\\product.ts": {"path":"C:\\Users\\aguil\\Documents\\wamp_server\\www\\curso react\\full\\src\\handlers\\product.ts","statementMap":{"0":{"start":{"line":2,"column":0},"end":{"line":2,"column":46}},"1":{"start":{"line":3,"column":29},"end":{"line":10,"column":1}},"2":{"start":{"line":4,"column":2},"end":{"line":9,"column":3}},"3":{"start":{"line":5,"column":20},"end":{"line":5,"column":50}},"4":{"start":{"line":6,"column":4},"end":{"line":6,"column":32}},"5":{"start":{"line":8,"column":4},"end":{"line":8,"column":23}},"6":{"start":{"line":3,"column":13},"end":{"line":3,"column":29}},"7":{"start":{"line":11,"column":26},"end":{"line":18,"column":1}},"8":{"start":{"line":12,"column":2},"end":{"line":17,"column":3}},"9":{"start":{"line":13,"column":21},"end":{"line":13,"column":44}},"10":{"start":{"line":14,"column":4},"end":{"line":14,"column":33}},"11":{"start":{"line":16,"column":4},"end":{"line":16,"column":23}},"12":{"start":{"line":11,"column":13},"end":{"line":11,"column":26}},"13":{"start":{"line":19,"column":29},"end":{"line":32,"column":1}},"14":{"start":{"line":20,"column":2},"end":{"line":31,"column":3}},"15":{"start":{"line":21,"column":19},"end":{"line":21,"column":29}},"16":{"start":{"line":22,"column":20},"end":{"line":22,"column":46}},"17":{"start":{"line":23,"column":4},"end":{"line":27,"column":5}},"18":{"start":{"line":24,"column":6},"end":{"line":26,"column":9}},"19":{"start":{"line":28,"column":4},"end":{"line":28,"column":32}},"20":{"start":{"line":30,"column":4},"end":{"line":30,"column":23}},"21":{"start":{"line":19,"column":13},"end":{"line":19,"column":29}},"22":{"start":{"line":33,"column":33},"end":{"line":48,"column":1}},"23":{"start":{"line":34,"column":2},"end":{"line":47,"column":3}},"24":{"start":{"line":35,"column":19},"end":{"line":35,"column":29}},"25":{"start":{"line":36,"column":20},"end":{"line":36,"column":46}},"26":{"start":{"line":37,"column":4},"end":{"line":41,"column":5}},"27":{"start":{"line":38,"column":6},"end":{"line":40,"column":9}},"28":{"start":{"line":42,"column":4},"end":{"line":42,"column":35}},"29":{"start":{"line":43,"column":4},"end":{"line":43,"column":25}},"30":{"start":{"line":44,"column":4},"end":{"line":44,"column":32}},"31":{"start":{"line":46,"column":4},"end":{"line":46,"column":23}},"32":{"start":{"line":33,"column":13},"end":{"line":33,"column":33}},"33":{"start":{"line":49,"column":38},"end":{"line":65,"column":1}},"34":{"start":{"line":50,"column":2},"end":{"line":64,"column":3}},"35":{"start":{"line":51,"column":19},"end":{"line":51,"column":29}},"36":{"start":{"line":52,"column":20},"end":{"line":52,"column":46}},"37":{"start":{"line":53,"column":4},"end":{"line":57,"column":5}},"38":{"start":{"line":54,"column":6},"end":{"line":56,"column":9}},"39":{"start":{"line":58,"column":4},"end":{"line":58,"column":null}},"40":{"start":{"line":60,"column":4},"end":{"line":60,"column":25}},"41":{"start":{"line":61,"column":4},"end":{"line":61,"column":32}},"42":{"start":{"line":63,"column":4},"end":{"line":63,"column":23}},"43":{"start":{"line":49,"column":13},"end":{"line":49,"column":38}},"44":{"start":{"line":66,"column":29},"end":{"line":80,"column":1}},"45":{"start":{"line":67,"column":2},"end":{"line":79,"column":3}},"46":{"start":{"line":68,"column":19},"end":{"line":68,"column":29}},"47":{"start":{"line":69,"column":20},"end":{"line":69,"column":46}},"48":{"start":{"line":70,"column":4},"end":{"line":74,"column":5}},"49":{"start":{"line":71,"column":6},"end":{"line":73,"column":9}},"50":{"start":{"line":75,"column":4},"end":{"line":75,"column":28}},"51":{"start":{"line":76,"column":4},"end":{"line":76,"column":58}},"52":{"start":{"line":78,"column":4},"end":{"line":78,"column":23}},"53":{"start":{"line":66,"column":13},"end":{"line":66,"column":29}}},"fnMap":{"0":{"name":"(anonymous_1)","decl":{"start":{"line":3,"column":29},"end":{"line":3,"column":34}},"loc":{"start":{"line":3,"column":48},"end":{"line":10,"column":1}}},"1":{"name":"(anonymous_2)","decl":{"start":{"line":11,"column":26},"end":{"line":11,"column":31}},"loc":{"start":{"line":11,"column":45},"end":{"line":18,"column":1}}},"2":{"name":"(anonymous_3)","decl":{"start":{"line":19,"column":29},"end":{"line":19,"column":34}},"loc":{"start":{"line":19,"column":48},"end":{"line":32,"column":1}}},"3":{"name":"(anonymous_4)","decl":{"start":{"line":33,"column":33},"end":{"line":33,"column":38}},"loc":{"start":{"line":33,"column":52},"end":{"line":48,"column":1}}},"4":{"name":"(anonymous_5)","decl":{"start":{"line":49,"column":38},"end":{"line":49,"column":43}},"loc":{"start":{"line":49,"column":57},"end":{"line":65,"column":1}}},"5":{"name":"(anonymous_6)","decl":{"start":{"line":66,"column":29},"end":{"line":66,"column":34}},"loc":{"start":{"line":66,"column":48},"end":{"line":80,"column":1}}}},"branchMap":{"0":{"loc":{"start":{"line":23,"column":4},"end":{"line":27,"column":5}},"type":"if","locations":[{"start":{"line":23,"column":4},"end":{"line":27,"column":5}}]},"1":{"loc":{"start":{"line":37,"column":4},"end":{"line":41,"column":5}},"type":"if","locations":[{"start":{"line":37,"column":4},"end":{"line":41,"column":5}}]},"2":{"loc":{"start":{"line":53,"column":4},"end":{"line":57,"column":5}},"type":"if","locations":[{"start":{"line":53,"column":4},"end":{"line":57,"column":5}}]},"3":{"loc":{"start":{"line":70,"column":4},"end":{"line":74,"column":5}},"type":"if","locations":[{"start":{"line":70,"column":4},"end":{"line":74,"column":5}}]}},"s":{"0":2,"1":2,"2":1,"3":1,"4":1,"5":0,"6":2,"7":2,"8":2,"9":2,"10":2,"11":0,"12":2,"13":2,"14":2,"15":2,"16":2,"17":2,"18":1,"19":1,"20":0,"21":2,"22":2,"23":1,"24":1,"25":1,"26":1,"27":0,"28":1,"29":1,"30":1,"31":0,"32":2,"33":2,"34":1,"35":1,"36":1,"37":1,"38":0,"39":1,"40":1,"41":1,"42":0,"43":2,"44":2,"45":1,"46":1,"47":1,"48":1,"49":1,"50":0,"51":0,"52":0,"53":2},"f":{"0":1,"1":2,"2":2,"3":1,"4":1,"5":1},"b":{"0":[1],"1":[0],"2":[0],"3":[1]}}
,"C:\\Users\\aguil\\Documents\\wamp_server\\www\\curso react\\full\\src\\middleware\\index.ts": {"path":"C:\\Users\\aguil\\Documents\\wamp_server\\www\\curso react\\full\\src\\middleware\\index.ts","statementMap":{"0":{"start":{"line":2,"column":0},"end":{"line":2,"column":52}},"1":{"start":{"line":4,"column":27},"end":{"line":10,"column":1}},"2":{"start":{"line":5,"column":17},"end":{"line":5,"column":38}},"3":{"start":{"line":6,"column":4},"end":{"line":8,"column":5}},"4":{"start":{"line":7,"column":8},"end":{"line":7,"column":null}},"5":{"start":{"line":9,"column":4},"end":{"line":9,"column":null}},"6":{"start":{"line":4,"column":13},"end":{"line":4,"column":27}}},"fnMap":{"0":{"name":"(anonymous_0)","decl":{"start":{"line":4,"column":27},"end":{"line":4,"column":28}},"loc":{"start":{"line":4,"column":60},"end":{"line":10,"column":1}}}},"branchMap":{"0":{"loc":{"start":{"line":6,"column":4},"end":{"line":8,"column":5}},"type":"if","locations":[{"start":{"line":6,"column":4},"end":{"line":8,"column":5}}]}},"s":{"0":2,"1":2,"2":10,"3":10,"4":5,"5":5,"6":2},"f":{"0":10},"b":{"0":[5]}}
,"C:\\Users\\aguil\\Documents\\wamp_server\\www\\curso react\\full\\src\\models\\Product.model.ts": {"path":"C:\\Users\\aguil\\Documents\\wamp_server\\www\\curso react\\full\\src\\models\\Product.model.ts","statementMap":{"0":{"start":{"line":1,"column":0},"end":{"line":1,"column":79}},"1":{"start":{"line":5,"column":0},"end":{"line":20,"column":null}},"2":{"start":{"line":9,"column":10},"end":{"line":9,"column":null}},"3":{"start":{"line":13,"column":10},"end":{"line":13,"column":null}},"4":{"start":{"line":19,"column":10},"end":{"line":19,"column":null}},"5":{"start":{"line":5,"column":6},"end":{"line":20,"column":null}},"6":{"start":{"line":22,"column":0},"end":{"line":22,"column":23}}},"fnMap":{},"branchMap":{},"s":{"0":2,"1":2,"2":2,"3":2,"4":2,"5":2,"6":2},"f":{},"b":{}}
}
