TN:
SF:src\router.ts
FN:31,(anonymous_0)
FN:45,(anonymous_1)
FNF:2
FNH:2
FNDA:3,(anonymous_0)
FNDA:4,(anonymous_1)
DA:1,2
DA:2,2
DA:10,2
DA:11,2
DA:13,2
DA:15,2
DA:16,2
DA:23,2
DA:31,3
DA:37,2
DA:45,4
DA:52,2
DA:58,2
DA:60,2
LF:14
LH:14
BRF:0
BRH:0
end_of_record
TN:
SF:src\server.ts
FN:5,ConnectDB
FNF:1
FNH:1
FNDA:2,ConnectDB
DA:1,2
DA:2,2
DA:3,2
DA:6,2
DA:7,2
DA:8,2
DA:12,0
DA:16,2
DA:18,2
DA:19,2
DA:20,2
DA:23,2
LF:12
LH:11
BRF:0
BRH:0
end_of_record
TN:
SF:src\config\db.ts
FNF:0
FNH:0
DA:1,2
DA:2,2
DA:4,2
DA:6,2
DA:10,2
LF:5
LH:5
BRF:0
BRH:0
end_of_record
TN:
SF:src\handlers\product.ts
FN:3,(anonymous_1)
FN:11,(anonymous_2)
FN:19,(anonymous_3)
FN:33,(anonymous_4)
FN:49,(anonymous_5)
FN:66,(anonymous_6)
FNF:6
FNH:6
FNDA:1,(anonymous_1)
FNDA:2,(anonymous_2)
FNDA:2,(anonymous_3)
FNDA:1,(anonymous_4)
FNDA:1,(anonymous_5)
FNDA:1,(anonymous_6)
DA:2,2
DA:3,2
DA:4,1
DA:5,1
DA:6,1
DA:8,0
DA:11,2
DA:12,2
DA:13,2
DA:14,2
DA:16,0
DA:19,2
DA:20,2
DA:21,2
DA:22,2
DA:23,2
DA:24,1
DA:28,1
DA:30,0
DA:33,2
DA:34,1
DA:35,1
DA:36,1
DA:37,1
DA:38,0
DA:42,1
DA:43,1
DA:44,1
DA:46,0
DA:49,2
DA:50,1
DA:51,1
DA:52,1
DA:53,1
DA:54,0
DA:58,1
DA:60,1
DA:61,1
DA:63,0
DA:66,2
DA:67,1
DA:68,1
DA:69,1
DA:70,1
DA:71,1
DA:75,0
DA:76,0
DA:78,0
LF:48
LH:38
BRDA:23,0,0,1
BRDA:37,1,0,0
BRDA:53,2,0,0
BRDA:70,3,0,1
BRF:4
BRH:2
end_of_record
TN:
SF:src\middleware\index.ts
FN:4,(anonymous_0)
FNF:1
FNH:1
FNDA:10,(anonymous_0)
DA:2,2
DA:4,2
DA:5,10
DA:6,10
DA:7,5
DA:9,5
LF:6
LH:6
BRDA:6,0,0,5
BRF:1
BRH:1
end_of_record
TN:
SF:src\models\Product.model.ts
FNF:0
FNH:0
DA:1,2
DA:5,2
DA:9,2
DA:13,2
DA:19,2
DA:22,2
LF:6
LH:6
BRF:0
BRH:0
end_of_record
